# JRE version: Java(TM) SE Runtime Environment (8.0_151-b12) (build 1.8.0_151-b12)
# Java VM: Java HotSpot(TM) 64-Bit Server VM (25.151-b12 mixed mode windows-amd64 compressed oops)
Heap:
 PSYoungGen      total 1183744K, used 1028640K [0x000000076b100000, 0x00000007be000000, 0x00000007c0000000)
  eden space 1028096K, 100% used [0x000000076b100000,0x00000007a9d00000,0x00000007a9d00000)
  from space 155648K, 0% used [0x00000007a9d00000,0x00000007a9d88000,0x00000007b3500000)
  to   space 148480K, 0% used [0x00000007b4f00000,0x00000007b4f00000,0x00000007be000000)
 ParOldGen       total 2784256K, used 2057700K [0x00000006c1200000, 0x000000076b100000, 0x000000076b100000)
  object space 2784256K, 73% used [0x00000006c1200000,0x000000073eb791d0,0x000000076b100000)
 Metaspace       used 4700K, capacity 5036K, committed 5248K, reserved 1056768K
  class space    used 491K, capacity 532K, committed 640K, reserved 1048576K
GC Heap History (10 events):
Event: 3304.820 GC heap before
{Heap before GC invocations=10230 (full 289):
 PSYoungGen      total 1170432K, used 977888K [0x000000076b100000, 0x00000007be600000, 0x00000007c0000000)
  eden space 976896K, 100% used [0x000000076b100000,0x00000007a6b00000,0x00000007a6b00000)
  from space 193536K, 0% used [0x00000007b2480000,0x00000007b2578000,0x00000007be180000)
  to   space 189952K, 0% used [0x00000007a6b00000,0x00000007a6b00000,0x00000007b2480000)
 ParOldGen       total 2784256K, used 2054748K [0x00000006c1200000, 0x000000076b100000, 0x000000076b100000)
  object space 2784256K, 73% used [0x00000006c1200000,0x000000073e8971d0,0x000000076b100000)
 Metaspace       used 4700K, capacity 5036K, committed 5248K, reserved 1056768K
  class space    used 491K, capacity 532K, committed 640K, reserved 1048576K
Event: 3304.824 GC heap after
Heap after GC invocations=10230 (full 289):
 PSYoungGen      total 1166848K, used 608K [0x000000076b100000, 0x00000007be080000, 0x00000007c0000000)
  eden space 976896K, 0% used [0x000000076b100000,0x000000076b100000,0x00000007a6b00000)
  from space 189952K, 0% used [0x00000007a6b00000,0x00000007a6b98000,0x00000007b2480000)
  to   space 175616K, 0% used [0x00000007b3500000,0x00000007b3500000,0x00000007be080000)
 ParOldGen       total 2784256K, used 2055620K [0x00000006c1200000, 0x000000076b100000, 0x000000076b100000)
  object space 2784256K, 73% used [0x00000006c1200000,0x000000073e9711d0,0x000000076b100000)
 Metaspace       used 4700K, capacity 5036K, committed 5248K, reserved 1056768K
  class space    used 491K, capacity 532K, committed 640K, reserved 1048576K
}
Event: 3304.927 GC heap before
{Heap before GC invocations=10231 (full 289):
 PSYoungGen      total 1166848K, used 977504K [0x000000076b100000, 0x00000007be080000, 0x00000007c0000000)
  eden space 976896K, 100% used [0x000000076b100000,0x00000007a6b00000,0x00000007a6b00000)
  from space 189952K, 0% used [0x00000007a6b00000,0x00000007a6b98000,0x00000007b2480000)
  to   space 175616K, 0% used [0x00000007b3500000,0x00000007b3500000,0x00000007be080000)
 ParOldGen       total 2784256K, used 2055620K [0x00000006c1200000, 0x000000076b100000, 0x000000076b100000)
  object space 2784256K, 73% used [0x00000006c1200000,0x000000073e9711d0,0x000000076b100000)
 Metaspace       used 4700K, capacity 5036K, committed 5248K, reserved 1056768K
  class space    used 491K, capacity 532K, committed 640K, reserved 1048576K
Event: 3304.931 GC heap after
Heap after GC invocations=10231 (full 289):
 PSYoungGen      total 1189888K, used 704K [0x000000076b100000, 0x00000007be600000, 0x00000007c0000000)
  eden space 1014272K, 0% used [0x000000076b100000,0x000000076b100000,0x00000007a8f80000)
  from space 175616K, 0% used [0x00000007b3500000,0x00000007b35b0000,0x00000007be080000)
  to   space 169472K, 0% used [0x00000007a8f80000,0x00000007a8f80000,0x00000007b3500000)
 ParOldGen       total 2784256K, used 2056132K [0x00000006c1200000, 0x000000076b100000, 0x000000076b100000)
  object space 2784256K, 73% used [0x00000006c1200000,0x000000073e9f11d0,0x000000076b100000)
 Metaspace       used 4700K, capacity 5036K, committed 5248K, reserved 1056768K
  class space    used 491K, capacity 532K, committed 640K, reserved 1048576K
}
Event: 3305.038 GC heap before
{Heap before GC invocations=10232 (full 289):
 PSYoungGen      total 1189888K, used 1014976K [0x000000076b100000, 0x00000007be600000, 0x00000007c0000000)
  eden space 1014272K, 100% used [0x000000076b100000,0x00000007a8f80000,0x00000007a8f80000)
  from space 175616K, 0% used [0x00000007b3500000,0x00000007b35b0000,0x00000007be080000)
  to   space 169472K, 0% used [0x00000007a8f80000,0x00000007a8f80000,0x00000007b3500000)
 ParOldGen       total 2784256K, used 2056132K [0x00000006c1200000, 0x000000076b100000, 0x000000076b100000)
  object space 2784256K, 73% used [0x00000006c1200000,0x000000073e9f11d0,0x000000076b100000)
 Metaspace       used 4700K, capacity 5036K, committed 5248K, reserved 1056768K
  class space    used 491K, capacity 532K, committed 640K, reserved 1048576K
Event: 3305.041 GC heap after
Heap after GC invocations=10232 (full 289):
 PSYoungGen      total 1183744K, used 608K [0x000000076b100000, 0x00000007be600000, 0x00000007c0000000)
  eden space 1014272K, 0% used [0x000000076b100000,0x000000076b100000,0x00000007a8f80000)
  from space 169472K, 0% used [0x00000007a8f80000,0x00000007a9018000,0x00000007b3500000)
  to   space 175616K, 0% used [0x00000007b3500000,0x00000007b3500000,0x00000007be080000)
 ParOldGen       total 2784256K, used 2056684K [0x00000006c1200000, 0x000000076b100000, 0x000000076b100000)
  object space 2784256K, 73% used [0x00000006c1200000,0x000000073ea7b1d0,0x000000076b100000)
 Metaspace       used 4700K, capacity 5036K, committed 5248K, reserved 1056768K
  class space    used 491K, capacity 532K, committed 640K, reserved 1048576K
}
Event: 3305.149 GC heap before
{Heap before GC invocations=10233 (full 289):
 PSYoungGen      total 1183744K, used 1014880K [0x000000076b100000, 0x00000007be600000, 0x00000007c0000000)
  eden space 1014272K, 100% used [0x000000076b100000,0x00000007a8f80000,0x00000007a8f80000)
  from space 169472K, 0% used [0x00000007a8f80000,0x00000007a9018000,0x00000007b3500000)
  to   space 175616K, 0% used [0x00000007b3500000,0x00000007b3500000,0x00000007be080000)
 ParOldGen       total 2784256K, used 2056684K [0x00000006c1200000, 0x000000076b100000, 0x000000076b100000)
  object space 2784256K, 73% used [0x00000006c1200000,0x000000073ea7b1d0,0x000000076b100000)
 Metaspace       used 4700K, capacity 5036K, committed 5248K, reserved 1056768K
  class space    used 491K, capacity 532K, committed 640K, reserved 1048576K
Event: 3305.152 GC heap after
Heap after GC invocations=10233 (full 289):
 PSYoungGen      total 1202176K, used 608K [0x000000076b100000, 0x00000007bdf00000, 0x00000007c0000000)
  eden space 1028096K, 0% used [0x000000076b100000,0x000000076b100000,0x00000007a9d00000)
  from space 174080K, 0% used [0x00000007b3500000,0x00000007b3598000,0x00000007bdf00000)
  to   space 155648K, 0% used [0x00000007a9d00000,0x00000007a9d00000,0x00000007b3500000)
 ParOldGen       total 2784256K, used 2057164K [0x00000006c1200000, 0x000000076b100000, 0x000000076b100000)
  object space 2784256K, 73% used [0x00000006c1200000,0x000000073eaf31d0,0x000000076b100000)
 Metaspace       used 4700K, capacity 5036K, committed 5248K, reserved 1056768K
  class space    used 491K, capacity 532K, committed 640K, reserved 1048576K
}
Event: 3305.261 GC heap before
{Heap before GC invocations=10234 (full 289):
 PSYoungGen      total 1202176K, used 1028704K [0x000000076b100000, 0x00000007bdf00000, 0x00000007c0000000)
  eden space 1028096K, 100% used [0x000000076b100000,0x00000007a9d00000,0x00000007a9d00000)
  from space 174080K, 0% used [0x00000007b3500000,0x00000007b3598000,0x00000007bdf00000)
  to   space 155648K, 0% used [0x00000007a9d00000,0x00000007a9d00000,0x00000007b3500000)
 ParOldGen       total 2784256K, used 2057164K [0x00000006c1200000, 0x000000076b100000, 0x000000076b100000)
  object space 2784256K, 73% used [0x00000006c1200000,0x000000073eaf31d0,0x000000076b100000)
 Metaspace       used 4700K, capacity 5036K, committed 5248K, reserved 1056768K
  class space    used 491K, capacity 532K, committed 640K, reserved 1048576K
Event: 3305.264 GC heap after
Heap after GC invocations=10234 (full 289):
 PSYoungGen      total 1183744K, used 544K [0x000000076b100000, 0x00000007be000000, 0x00000007c0000000)
  eden space 1028096K, 0% used [0x000000076b100000,0x000000076b100000,0x00000007a9d00000)
  from space 155648K, 0% used [0x00000007a9d00000,0x00000007a9d88000,0x00000007b3500000)
  to   space 148480K, 0% used [0x00000007b4f00000,0x00000007b4f00000,0x00000007be000000)
 ParOldGen       total 2784256K, used 2057700K [0x00000006c1200000, 0x000000076b100000, 0x000000076b100000)
  object space 2784256K, 73% used [0x00000006c1200000,0x000000073eb791d0,0x000000076b100000)
 Metaspace       used 4700K, capacity 5036K, committed 5248K, reserved 1056768K
  class space    used 491K, capacity 532K, committed 640K, reserved 1048576K
}

